Determining if the Q_WS_WIN exist failed with the following output:
Change Dir: /home/ubu/Gazebo_Strategy_Plugin/wkspace/guitest/build/CMakeFiles/CMakeTmp

Run Build Command:/usr/bin/make "cmTryCompileExec2979966296/fast"
/usr/bin/make -f CMakeFiles/cmTryCompileExec2979966296.dir/build.make CMakeFiles/cmTryCompileExec2979966296.dir/build
make[1]: Entering directory `/home/ubu/Gazebo_Strategy_Plugin/wkspace/guitest/build/CMakeFiles/CMakeTmp'
/usr/bin/cmake -E cmake_progress_report /home/ubu/Gazebo_Strategy_Plugin/wkspace/guitest/build/CMakeFiles/CMakeTmp/CMakeFiles 1
Building CXX object CMakeFiles/cmTryCompileExec2979966296.dir/CheckSymbolExists.cxx.o
/usr/bin/c++    -I/usr/include/qt4    -o CMakeFiles/cmTryCompileExec2979966296.dir/CheckSymbolExists.cxx.o -c /home/ubu/Gazebo_Strategy_Plugin/wkspace/guitest/build/CMakeFiles/CMakeTmp/CheckSymbolExists.cxx
/home/ubu/Gazebo_Strategy_Plugin/wkspace/guitest/build/CMakeFiles/CMakeTmp/CheckSymbolExists.cxx: In function ‘int main(int, char**)’:
/home/ubu/Gazebo_Strategy_Plugin/wkspace/guitest/build/CMakeFiles/CMakeTmp/CheckSymbolExists.cxx:8:19: error: ‘Q_WS_WIN’ was not declared in this scope
   return ((int*)(&Q_WS_WIN))[argc];
                   ^
make[1]: *** [CMakeFiles/cmTryCompileExec2979966296.dir/CheckSymbolExists.cxx.o] Error 1
make[1]: Leaving directory `/home/ubu/Gazebo_Strategy_Plugin/wkspace/guitest/build/CMakeFiles/CMakeTmp'
make: *** [cmTryCompileExec2979966296/fast] Error 2

File /home/ubu/Gazebo_Strategy_Plugin/wkspace/guitest/build/CMakeFiles/CMakeTmp/CheckSymbolExists.cxx:
/* */
#include <QtCore/qglobal.h>

int main(int argc, char** argv)
{
  (void)argv;
#ifndef Q_WS_WIN
  return ((int*)(&Q_WS_WIN))[argc];
#else
  (void)argc;
  return 0;
#endif
}

Determining if the Q_WS_QWS exist failed with the following output:
Change Dir: /home/ubu/Gazebo_Strategy_Plugin/wkspace/guitest/build/CMakeFiles/CMakeTmp

Run Build Command:/usr/bin/make "cmTryCompileExec3331611828/fast"
/usr/bin/make -f CMakeFiles/cmTryCompileExec3331611828.dir/build.make CMakeFiles/cmTryCompileExec3331611828.dir/build
make[1]: Entering directory `/home/ubu/Gazebo_Strategy_Plugin/wkspace/guitest/build/CMakeFiles/CMakeTmp'
/usr/bin/cmake -E cmake_progress_report /home/ubu/Gazebo_Strategy_Plugin/wkspace/guitest/build/CMakeFiles/CMakeTmp/CMakeFiles 1
Building CXX object CMakeFiles/cmTryCompileExec3331611828.dir/CheckSymbolExists.cxx.o
/usr/bin/c++    -I/usr/include/qt4    -o CMakeFiles/cmTryCompileExec3331611828.dir/CheckSymbolExists.cxx.o -c /home/ubu/Gazebo_Strategy_Plugin/wkspace/guitest/build/CMakeFiles/CMakeTmp/CheckSymbolExists.cxx
/home/ubu/Gazebo_Strategy_Plugin/wkspace/guitest/build/CMakeFiles/CMakeTmp/CheckSymbolExists.cxx: In function ‘int main(int, char**)’:
/home/ubu/Gazebo_Strategy_Plugin/wkspace/guitest/build/CMakeFiles/CMakeTmp/CheckSymbolExists.cxx:8:19: error: ‘Q_WS_QWS’ was not declared in this scope
   return ((int*)(&Q_WS_QWS))[argc];
                   ^
make[1]: Leaving directory `/home/ubu/Gazebo_Strategy_Plugin/wkspace/guitest/build/CMakeFiles/CMakeTmp'
make[1]: *** [CMakeFiles/cmTryCompileExec3331611828.dir/CheckSymbolExists.cxx.o] Error 1
make: *** [cmTryCompileExec3331611828/fast] Error 2

File /home/ubu/Gazebo_Strategy_Plugin/wkspace/guitest/build/CMakeFiles/CMakeTmp/CheckSymbolExists.cxx:
/* */
#include <QtCore/qglobal.h>

int main(int argc, char** argv)
{
  (void)argv;
#ifndef Q_WS_QWS
  return ((int*)(&Q_WS_QWS))[argc];
#else
  (void)argc;
  return 0;
#endif
}

Determining if the Q_WS_MAC exist failed with the following output:
Change Dir: /home/ubu/Gazebo_Strategy_Plugin/wkspace/guitest/build/CMakeFiles/CMakeTmp

Run Build Command:/usr/bin/make "cmTryCompileExec1359237700/fast"
/usr/bin/make -f CMakeFiles/cmTryCompileExec1359237700.dir/build.make CMakeFiles/cmTryCompileExec1359237700.dir/build
make[1]: Entering directory `/home/ubu/Gazebo_Strategy_Plugin/wkspace/guitest/build/CMakeFiles/CMakeTmp'
/usr/bin/cmake -E cmake_progress_report /home/ubu/Gazebo_Strategy_Plugin/wkspace/guitest/build/CMakeFiles/CMakeTmp/CMakeFiles 1
Building CXX object CMakeFiles/cmTryCompileExec1359237700.dir/CheckSymbolExists.cxx.o
/usr/bin/c++    -I/usr/include/qt4    -o CMakeFiles/cmTryCompileExec1359237700.dir/CheckSymbolExists.cxx.o -c /home/ubu/Gazebo_Strategy_Plugin/wkspace/guitest/build/CMakeFiles/CMakeTmp/CheckSymbolExists.cxx
/home/ubu/Gazebo_Strategy_Plugin/wkspace/guitest/build/CMakeFiles/CMakeTmp/CheckSymbolExists.cxx: In function ‘int main(int, char**)’:
/home/ubu/Gazebo_Strategy_Plugin/wkspace/guitest/build/CMakeFiles/CMakeTmp/CheckSymbolExists.cxx:8:19: error: ‘Q_WS_MAC’ was not declared in this scope
   return ((int*)(&Q_WS_MAC))[argc];
                   ^
make[1]: *** [CMakeFiles/cmTryCompileExec1359237700.dir/CheckSymbolExists.cxx.o] Error 1
make[1]: Leaving directory `/home/ubu/Gazebo_Strategy_Plugin/wkspace/guitest/build/CMakeFiles/CMakeTmp'
make: *** [cmTryCompileExec1359237700/fast] Error 2

File /home/ubu/Gazebo_Strategy_Plugin/wkspace/guitest/build/CMakeFiles/CMakeTmp/CheckSymbolExists.cxx:
/* */
#include <QtCore/qglobal.h>

int main(int argc, char** argv)
{
  (void)argv;
#ifndef Q_WS_MAC
  return ((int*)(&Q_WS_MAC))[argc];
#else
  (void)argc;
  return 0;
#endif
}

Determining if the pthread_create exist failed with the following output:
Change Dir: /home/ubu/Gazebo_Strategy_Plugin/wkspace/guitest/build/CMakeFiles/CMakeTmp

Run Build Command:/usr/bin/make "cmTryCompileExec2632783669/fast"
/usr/bin/make -f CMakeFiles/cmTryCompileExec2632783669.dir/build.make CMakeFiles/cmTryCompileExec2632783669.dir/build
make[1]: Entering directory `/home/ubu/Gazebo_Strategy_Plugin/wkspace/guitest/build/CMakeFiles/CMakeTmp'
/usr/bin/cmake -E cmake_progress_report /home/ubu/Gazebo_Strategy_Plugin/wkspace/guitest/build/CMakeFiles/CMakeTmp/CMakeFiles 1
Building C object CMakeFiles/cmTryCompileExec2632783669.dir/CheckSymbolExists.c.o
/usr/bin/cc    -o CMakeFiles/cmTryCompileExec2632783669.dir/CheckSymbolExists.c.o   -c /home/ubu/Gazebo_Strategy_Plugin/wkspace/guitest/build/CMakeFiles/CMakeTmp/CheckSymbolExists.c
Linking C executable cmTryCompileExec2632783669
/usr/bin/cmake -E cmake_link_script CMakeFiles/cmTryCompileExec2632783669.dir/link.txt --verbose=1
/usr/bin/cc       CMakeFiles/cmTryCompileExec2632783669.dir/CheckSymbolExists.c.o  -o cmTryCompileExec2632783669 -rdynamic 
CMakeFiles/cmTryCompileExec2632783669.dir/CheckSymbolExists.c.o: In function `main':
CheckSymbolExists.c:(.text+0x16): undefined reference to `pthread_create'
collect2: error: ld returned 1 exit status
make[1]: Leaving directory `/home/ubu/Gazebo_Strategy_Plugin/wkspace/guitest/build/CMakeFiles/CMakeTmp'
make[1]: *** [cmTryCompileExec2632783669] Error 1
make: *** [cmTryCompileExec2632783669/fast] Error 2

File /home/ubu/Gazebo_Strategy_Plugin/wkspace/guitest/build/CMakeFiles/CMakeTmp/CheckSymbolExists.c:
/* */
#include <pthread.h>

int main(int argc, char** argv)
{
  (void)argv;
#ifndef pthread_create
  return ((int*)(&pthread_create))[argc];
#else
  (void)argc;
  return 0;
#endif
}

Determining if the function pthread_create exists in the pthreads failed with the following output:
Change Dir: /home/ubu/Gazebo_Strategy_Plugin/wkspace/guitest/build/CMakeFiles/CMakeTmp

Run Build Command:/usr/bin/make "cmTryCompileExec642908090/fast"
/usr/bin/make -f CMakeFiles/cmTryCompileExec642908090.dir/build.make CMakeFiles/cmTryCompileExec642908090.dir/build
make[1]: Entering directory `/home/ubu/Gazebo_Strategy_Plugin/wkspace/guitest/build/CMakeFiles/CMakeTmp'
/usr/bin/cmake -E cmake_progress_report /home/ubu/Gazebo_Strategy_Plugin/wkspace/guitest/build/CMakeFiles/CMakeTmp/CMakeFiles 1
Building C object CMakeFiles/cmTryCompileExec642908090.dir/CheckFunctionExists.c.o
/usr/bin/cc   -DCHECK_FUNCTION_EXISTS=pthread_create   -o CMakeFiles/cmTryCompileExec642908090.dir/CheckFunctionExists.c.o   -c /usr/share/cmake-2.8/Modules/CheckFunctionExists.c
Linking C executable cmTryCompileExec642908090
/usr/bin/cmake -E cmake_link_script CMakeFiles/cmTryCompileExec642908090.dir/link.txt --verbose=1
/usr/bin/cc   -DCHECK_FUNCTION_EXISTS=pthread_create    CMakeFiles/cmTryCompileExec642908090.dir/CheckFunctionExists.c.o  -o cmTryCompileExec642908090 -rdynamic -lpthreads 
/usr/bin/ld: cannot find -lpthreads
collect2: error: ld returned 1 exit status
make[1]: *** [cmTryCompileExec642908090] Error 1
make[1]: Leaving directory `/home/ubu/Gazebo_Strategy_Plugin/wkspace/guitest/build/CMakeFiles/CMakeTmp'
make: *** [cmTryCompileExec642908090/fast] Error 2


