Determining if the pthread_create exist failed with the following output:
Change Dir: /home/ubu/Gazebo_Strategy_Plugin/wkspace/move_plugin/build/CMakeFiles/CMakeTmp

Run Build Command:/usr/bin/make "cmTryCompileExec1175319612/fast"
/usr/bin/make -f CMakeFiles/cmTryCompileExec1175319612.dir/build.make CMakeFiles/cmTryCompileExec1175319612.dir/build
make[1]: Entering directory `/home/ubu/Gazebo_Strategy_Plugin/wkspace/move_plugin/build/CMakeFiles/CMakeTmp'
/usr/bin/cmake -E cmake_progress_report /home/ubu/Gazebo_Strategy_Plugin/wkspace/move_plugin/build/CMakeFiles/CMakeTmp/CMakeFiles 1
Building C object CMakeFiles/cmTryCompileExec1175319612.dir/CheckSymbolExists.c.o
/usr/bin/cc    -o CMakeFiles/cmTryCompileExec1175319612.dir/CheckSymbolExists.c.o   -c /home/ubu/Gazebo_Strategy_Plugin/wkspace/move_plugin/build/CMakeFiles/CMakeTmp/CheckSymbolExists.c
Linking C executable cmTryCompileExec1175319612
/usr/bin/cmake -E cmake_link_script CMakeFiles/cmTryCompileExec1175319612.dir/link.txt --verbose=1
/usr/bin/cc       CMakeFiles/cmTryCompileExec1175319612.dir/CheckSymbolExists.c.o  -o cmTryCompileExec1175319612 -rdynamic 
CMakeFiles/cmTryCompileExec1175319612.dir/CheckSymbolExists.c.o: In function `main':
CheckSymbolExists.c:(.text+0x16): undefined reference to `pthread_create'
collect2: error: ld returned 1 exit status
make[1]: Leaving directory `/home/ubu/Gazebo_Strategy_Plugin/wkspace/move_plugin/build/CMakeFiles/CMakeTmp'
make[1]: *** [cmTryCompileExec1175319612] Error 1
make: *** [cmTryCompileExec1175319612/fast] Error 2

File /home/ubu/Gazebo_Strategy_Plugin/wkspace/move_plugin/build/CMakeFiles/CMakeTmp/CheckSymbolExists.c:
/* */
#include <pthread.h>

int main(int argc, char** argv)
{
  (void)argv;
#ifndef pthread_create
  return ((int*)(&pthread_create))[argc];
#else
  (void)argc;
  return 0;
#endif
}

Determining if the function pthread_create exists in the pthreads failed with the following output:
Change Dir: /home/ubu/Gazebo_Strategy_Plugin/wkspace/move_plugin/build/CMakeFiles/CMakeTmp

Run Build Command:/usr/bin/make "cmTryCompileExec3946253981/fast"
/usr/bin/make -f CMakeFiles/cmTryCompileExec3946253981.dir/build.make CMakeFiles/cmTryCompileExec3946253981.dir/build
make[1]: Entering directory `/home/ubu/Gazebo_Strategy_Plugin/wkspace/move_plugin/build/CMakeFiles/CMakeTmp'
/usr/bin/cmake -E cmake_progress_report /home/ubu/Gazebo_Strategy_Plugin/wkspace/move_plugin/build/CMakeFiles/CMakeTmp/CMakeFiles 1
Building C object CMakeFiles/cmTryCompileExec3946253981.dir/CheckFunctionExists.c.o
/usr/bin/cc   -DCHECK_FUNCTION_EXISTS=pthread_create   -o CMakeFiles/cmTryCompileExec3946253981.dir/CheckFunctionExists.c.o   -c /usr/share/cmake-2.8/Modules/CheckFunctionExists.c
Linking C executable cmTryCompileExec3946253981
/usr/bin/cmake -E cmake_link_script CMakeFiles/cmTryCompileExec3946253981.dir/link.txt --verbose=1
/usr/bin/cc   -DCHECK_FUNCTION_EXISTS=pthread_create    CMakeFiles/cmTryCompileExec3946253981.dir/CheckFunctionExists.c.o  -o cmTryCompileExec3946253981 -rdynamic -lpthreads 
/usr/bin/ld: cannot find -lpthreads
collect2: error: ld returned 1 exit status
make[1]: *** [cmTryCompileExec3946253981] Error 1
make[1]: Leaving directory `/home/ubu/Gazebo_Strategy_Plugin/wkspace/move_plugin/build/CMakeFiles/CMakeTmp'
make: *** [cmTryCompileExec3946253981/fast] Error 2


Determining if the Q_WS_WIN exist failed with the following output:
Change Dir: /home/ubu/Gazebo_Strategy_Plugin/wkspace/move_plugin/build/CMakeFiles/CMakeTmp

Run Build Command:/usr/bin/make "cmTryCompileExec973549180/fast"
make[1]: Entering directory `/home/ubu/Gazebo_Strategy_Plugin/wkspace/move_plugin/build/CMakeFiles/CMakeTmp'
/usr/bin/make -f CMakeFiles/cmTryCompileExec973549180.dir/build.make CMakeFiles/cmTryCompileExec973549180.dir/build
make[2]: Entering directory `/home/ubu/Gazebo_Strategy_Plugin/wkspace/move_plugin/build/CMakeFiles/CMakeTmp'
/usr/bin/cmake -E cmake_progress_report /home/ubu/Gazebo_Strategy_Plugin/wkspace/move_plugin/build/CMakeFiles/CMakeTmp/CMakeFiles 1
Building CXX object CMakeFiles/cmTryCompileExec973549180.dir/CheckSymbolExists.cxx.o
/usr/bin/c++    -I/usr/include/qt4    -o CMakeFiles/cmTryCompileExec973549180.dir/CheckSymbolExists.cxx.o -c /home/ubu/Gazebo_Strategy_Plugin/wkspace/move_plugin/build/CMakeFiles/CMakeTmp/CheckSymbolExists.cxx
/home/ubu/Gazebo_Strategy_Plugin/wkspace/move_plugin/build/CMakeFiles/CMakeTmp/CheckSymbolExists.cxx: In function ‘int main(int, char**)’:
/home/ubu/Gazebo_Strategy_Plugin/wkspace/move_plugin/build/CMakeFiles/CMakeTmp/CheckSymbolExists.cxx:8:19: error: ‘Q_WS_WIN’ was not declared in this scope
   return ((int*)(&Q_WS_WIN))[argc];
                   ^
make[2]: *** [CMakeFiles/cmTryCompileExec973549180.dir/CheckSymbolExists.cxx.o] Error 1
make[2]: Leaving directory `/home/ubu/Gazebo_Strategy_Plugin/wkspace/move_plugin/build/CMakeFiles/CMakeTmp'
make[1]: *** [cmTryCompileExec973549180/fast] Error 2
make[1]: Leaving directory `/home/ubu/Gazebo_Strategy_Plugin/wkspace/move_plugin/build/CMakeFiles/CMakeTmp'

File /home/ubu/Gazebo_Strategy_Plugin/wkspace/move_plugin/build/CMakeFiles/CMakeTmp/CheckSymbolExists.cxx:
/* */
#include <QtCore/qglobal.h>

int main(int argc, char** argv)
{
  (void)argv;
#ifndef Q_WS_WIN
  return ((int*)(&Q_WS_WIN))[argc];
#else
  (void)argc;
  return 0;
#endif
}

Determining if the Q_WS_QWS exist failed with the following output:
Change Dir: /home/ubu/Gazebo_Strategy_Plugin/wkspace/move_plugin/build/CMakeFiles/CMakeTmp

Run Build Command:/usr/bin/make "cmTryCompileExec844339364/fast"
make[1]: Entering directory `/home/ubu/Gazebo_Strategy_Plugin/wkspace/move_plugin/build/CMakeFiles/CMakeTmp'
/usr/bin/make -f CMakeFiles/cmTryCompileExec844339364.dir/build.make CMakeFiles/cmTryCompileExec844339364.dir/build
make[2]: Entering directory `/home/ubu/Gazebo_Strategy_Plugin/wkspace/move_plugin/build/CMakeFiles/CMakeTmp'
/usr/bin/cmake -E cmake_progress_report /home/ubu/Gazebo_Strategy_Plugin/wkspace/move_plugin/build/CMakeFiles/CMakeTmp/CMakeFiles 1
Building CXX object CMakeFiles/cmTryCompileExec844339364.dir/CheckSymbolExists.cxx.o
/usr/bin/c++    -I/usr/include/qt4    -o CMakeFiles/cmTryCompileExec844339364.dir/CheckSymbolExists.cxx.o -c /home/ubu/Gazebo_Strategy_Plugin/wkspace/move_plugin/build/CMakeFiles/CMakeTmp/CheckSymbolExists.cxx
/home/ubu/Gazebo_Strategy_Plugin/wkspace/move_plugin/build/CMakeFiles/CMakeTmp/CheckSymbolExists.cxx: In function ‘int main(int, char**)’:
/home/ubu/Gazebo_Strategy_Plugin/wkspace/move_plugin/build/CMakeFiles/CMakeTmp/CheckSymbolExists.cxx:8:19: error: ‘Q_WS_QWS’ was not declared in this scope
   return ((int*)(&Q_WS_QWS))[argc];
                   ^
make[2]: Leaving directory `/home/ubu/Gazebo_Strategy_Plugin/wkspace/move_plugin/build/CMakeFiles/CMakeTmp'
make[2]: *** [CMakeFiles/cmTryCompileExec844339364.dir/CheckSymbolExists.cxx.o] Error 1
make[1]: *** [cmTryCompileExec844339364/fast] Error 2
make[1]: Leaving directory `/home/ubu/Gazebo_Strategy_Plugin/wkspace/move_plugin/build/CMakeFiles/CMakeTmp'

File /home/ubu/Gazebo_Strategy_Plugin/wkspace/move_plugin/build/CMakeFiles/CMakeTmp/CheckSymbolExists.cxx:
/* */
#include <QtCore/qglobal.h>

int main(int argc, char** argv)
{
  (void)argv;
#ifndef Q_WS_QWS
  return ((int*)(&Q_WS_QWS))[argc];
#else
  (void)argc;
  return 0;
#endif
}

Determining if the Q_WS_MAC exist failed with the following output:
Change Dir: /home/ubu/Gazebo_Strategy_Plugin/wkspace/move_plugin/build/CMakeFiles/CMakeTmp

Run Build Command:/usr/bin/make "cmTryCompileExec918758899/fast"
make[1]: Entering directory `/home/ubu/Gazebo_Strategy_Plugin/wkspace/move_plugin/build/CMakeFiles/CMakeTmp'
/usr/bin/make -f CMakeFiles/cmTryCompileExec918758899.dir/build.make CMakeFiles/cmTryCompileExec918758899.dir/build
make[2]: Entering directory `/home/ubu/Gazebo_Strategy_Plugin/wkspace/move_plugin/build/CMakeFiles/CMakeTmp'
/usr/bin/cmake -E cmake_progress_report /home/ubu/Gazebo_Strategy_Plugin/wkspace/move_plugin/build/CMakeFiles/CMakeTmp/CMakeFiles 1
Building CXX object CMakeFiles/cmTryCompileExec918758899.dir/CheckSymbolExists.cxx.o
/usr/bin/c++    -I/usr/include/qt4    -o CMakeFiles/cmTryCompileExec918758899.dir/CheckSymbolExists.cxx.o -c /home/ubu/Gazebo_Strategy_Plugin/wkspace/move_plugin/build/CMakeFiles/CMakeTmp/CheckSymbolExists.cxx
/home/ubu/Gazebo_Strategy_Plugin/wkspace/move_plugin/build/CMakeFiles/CMakeTmp/CheckSymbolExists.cxx: In function ‘int main(int, char**)’:
/home/ubu/Gazebo_Strategy_Plugin/wkspace/move_plugin/build/CMakeFiles/CMakeTmp/CheckSymbolExists.cxx:8:19: error: ‘Q_WS_MAC’ was not declared in this scope
   return ((int*)(&Q_WS_MAC))[argc];
                   ^
make[2]: *** [CMakeFiles/cmTryCompileExec918758899.dir/CheckSymbolExists.cxx.o] Error 1
make[2]: Leaving directory `/home/ubu/Gazebo_Strategy_Plugin/wkspace/move_plugin/build/CMakeFiles/CMakeTmp'
make[1]: *** [cmTryCompileExec918758899/fast] Error 2
make[1]: Leaving directory `/home/ubu/Gazebo_Strategy_Plugin/wkspace/move_plugin/build/CMakeFiles/CMakeTmp'

File /home/ubu/Gazebo_Strategy_Plugin/wkspace/move_plugin/build/CMakeFiles/CMakeTmp/CheckSymbolExists.cxx:
/* */
#include <QtCore/qglobal.h>

int main(int argc, char** argv)
{
  (void)argv;
#ifndef Q_WS_MAC
  return ((int*)(&Q_WS_MAC))[argc];
#else
  (void)argc;
  return 0;
#endif
}

