Determining if the Q_WS_WIN exist failed with the following output:
Change Dir: /home/ubu/wkspace/guitest/build/CMakeFiles/CMakeTmp

Run Build Command:/usr/bin/make "cmTryCompileExec84026948/fast"
/usr/bin/make -f CMakeFiles/cmTryCompileExec84026948.dir/build.make CMakeFiles/cmTryCompileExec84026948.dir/build
make[1]: Entering directory `/home/ubu/wkspace/guitest/build/CMakeFiles/CMakeTmp'
/usr/bin/cmake -E cmake_progress_report /home/ubu/wkspace/guitest/build/CMakeFiles/CMakeTmp/CMakeFiles 1
Building CXX object CMakeFiles/cmTryCompileExec84026948.dir/CheckSymbolExists.cxx.o
/usr/bin/c++    -I/usr/include/qt4    -o CMakeFiles/cmTryCompileExec84026948.dir/CheckSymbolExists.cxx.o -c /home/ubu/wkspace/guitest/build/CMakeFiles/CMakeTmp/CheckSymbolExists.cxx
/home/ubu/wkspace/guitest/build/CMakeFiles/CMakeTmp/CheckSymbolExists.cxx: In function ‘int main(int, char**)’:
/home/ubu/wkspace/guitest/build/CMakeFiles/CMakeTmp/CheckSymbolExists.cxx:8:19: error: ‘Q_WS_WIN’ was not declared in this scope
   return ((int*)(&Q_WS_WIN))[argc];
                   ^
make[1]: Leaving directory `/home/ubu/wkspace/guitest/build/CMakeFiles/CMakeTmp'
make[1]: *** [CMakeFiles/cmTryCompileExec84026948.dir/CheckSymbolExists.cxx.o] Error 1
make: *** [cmTryCompileExec84026948/fast] Error 2

File /home/ubu/wkspace/guitest/build/CMakeFiles/CMakeTmp/CheckSymbolExists.cxx:
/* */
#include <QtCore/qglobal.h>

int main(int argc, char** argv)
{
  (void)argv;
#ifndef Q_WS_WIN
  return ((int*)(&Q_WS_WIN))[argc];
#else
  (void)argc;
  return 0;
#endif
}

Determining if the Q_WS_QWS exist failed with the following output:
Change Dir: /home/ubu/wkspace/guitest/build/CMakeFiles/CMakeTmp

Run Build Command:/usr/bin/make "cmTryCompileExec46168335/fast"
/usr/bin/make -f CMakeFiles/cmTryCompileExec46168335.dir/build.make CMakeFiles/cmTryCompileExec46168335.dir/build
make[1]: Entering directory `/home/ubu/wkspace/guitest/build/CMakeFiles/CMakeTmp'
/usr/bin/cmake -E cmake_progress_report /home/ubu/wkspace/guitest/build/CMakeFiles/CMakeTmp/CMakeFiles 1
Building CXX object CMakeFiles/cmTryCompileExec46168335.dir/CheckSymbolExists.cxx.o
/usr/bin/c++    -I/usr/include/qt4    -o CMakeFiles/cmTryCompileExec46168335.dir/CheckSymbolExists.cxx.o -c /home/ubu/wkspace/guitest/build/CMakeFiles/CMakeTmp/CheckSymbolExists.cxx
/home/ubu/wkspace/guitest/build/CMakeFiles/CMakeTmp/CheckSymbolExists.cxx: In function ‘int main(int, char**)’:
/home/ubu/wkspace/guitest/build/CMakeFiles/CMakeTmp/CheckSymbolExists.cxx:8:19: error: ‘Q_WS_QWS’ was not declared in this scope
   return ((int*)(&Q_WS_QWS))[argc];
                   ^
make[1]: *** [CMakeFiles/cmTryCompileExec46168335.dir/CheckSymbolExists.cxx.o] Error 1
make[1]: Leaving directory `/home/ubu/wkspace/guitest/build/CMakeFiles/CMakeTmp'
make: *** [cmTryCompileExec46168335/fast] Error 2

File /home/ubu/wkspace/guitest/build/CMakeFiles/CMakeTmp/CheckSymbolExists.cxx:
/* */
#include <QtCore/qglobal.h>

int main(int argc, char** argv)
{
  (void)argv;
#ifndef Q_WS_QWS
  return ((int*)(&Q_WS_QWS))[argc];
#else
  (void)argc;
  return 0;
#endif
}

Determining if the Q_WS_MAC exist failed with the following output:
Change Dir: /home/ubu/wkspace/guitest/build/CMakeFiles/CMakeTmp

Run Build Command:/usr/bin/make "cmTryCompileExec1520209540/fast"
/usr/bin/make -f CMakeFiles/cmTryCompileExec1520209540.dir/build.make CMakeFiles/cmTryCompileExec1520209540.dir/build
make[1]: Entering directory `/home/ubu/wkspace/guitest/build/CMakeFiles/CMakeTmp'
/usr/bin/cmake -E cmake_progress_report /home/ubu/wkspace/guitest/build/CMakeFiles/CMakeTmp/CMakeFiles 1
Building CXX object CMakeFiles/cmTryCompileExec1520209540.dir/CheckSymbolExists.cxx.o
/usr/bin/c++    -I/usr/include/qt4    -o CMakeFiles/cmTryCompileExec1520209540.dir/CheckSymbolExists.cxx.o -c /home/ubu/wkspace/guitest/build/CMakeFiles/CMakeTmp/CheckSymbolExists.cxx
/home/ubu/wkspace/guitest/build/CMakeFiles/CMakeTmp/CheckSymbolExists.cxx: In function ‘int main(int, char**)’:
/home/ubu/wkspace/guitest/build/CMakeFiles/CMakeTmp/CheckSymbolExists.cxx:8:19: error: ‘Q_WS_MAC’ was not declared in this scope
   return ((int*)(&Q_WS_MAC))[argc];
                   ^
make[1]: Leaving directory `/home/ubu/wkspace/guitest/build/CMakeFiles/CMakeTmp'
make[1]: *** [CMakeFiles/cmTryCompileExec1520209540.dir/CheckSymbolExists.cxx.o] Error 1
make: *** [cmTryCompileExec1520209540/fast] Error 2

File /home/ubu/wkspace/guitest/build/CMakeFiles/CMakeTmp/CheckSymbolExists.cxx:
/* */
#include <QtCore/qglobal.h>

int main(int argc, char** argv)
{
  (void)argv;
#ifndef Q_WS_MAC
  return ((int*)(&Q_WS_MAC))[argc];
#else
  (void)argc;
  return 0;
#endif
}

Determining if the pthread_create exist failed with the following output:
Change Dir: /home/ubu/wkspace/guitest/build/CMakeFiles/CMakeTmp

Run Build Command:/usr/bin/make "cmTryCompileExec3318672834/fast"
/usr/bin/make -f CMakeFiles/cmTryCompileExec3318672834.dir/build.make CMakeFiles/cmTryCompileExec3318672834.dir/build
make[1]: Entering directory `/home/ubu/wkspace/guitest/build/CMakeFiles/CMakeTmp'
/usr/bin/cmake -E cmake_progress_report /home/ubu/wkspace/guitest/build/CMakeFiles/CMakeTmp/CMakeFiles 1
Building C object CMakeFiles/cmTryCompileExec3318672834.dir/CheckSymbolExists.c.o
/usr/bin/cc    -o CMakeFiles/cmTryCompileExec3318672834.dir/CheckSymbolExists.c.o   -c /home/ubu/wkspace/guitest/build/CMakeFiles/CMakeTmp/CheckSymbolExists.c
Linking C executable cmTryCompileExec3318672834
/usr/bin/cmake -E cmake_link_script CMakeFiles/cmTryCompileExec3318672834.dir/link.txt --verbose=1
/usr/bin/cc       CMakeFiles/cmTryCompileExec3318672834.dir/CheckSymbolExists.c.o  -o cmTryCompileExec3318672834 -rdynamic 
CMakeFiles/cmTryCompileExec3318672834.dir/CheckSymbolExists.c.o: In function `main':
CheckSymbolExists.c:(.text+0x16): undefined reference to `pthread_create'
collect2: error: ld returned 1 exit status
make[1]: *** [cmTryCompileExec3318672834] Error 1
make[1]: Leaving directory `/home/ubu/wkspace/guitest/build/CMakeFiles/CMakeTmp'
make: *** [cmTryCompileExec3318672834/fast] Error 2

File /home/ubu/wkspace/guitest/build/CMakeFiles/CMakeTmp/CheckSymbolExists.c:
/* */
#include <pthread.h>

int main(int argc, char** argv)
{
  (void)argv;
#ifndef pthread_create
  return ((int*)(&pthread_create))[argc];
#else
  (void)argc;
  return 0;
#endif
}

Determining if the function pthread_create exists in the pthreads failed with the following output:
Change Dir: /home/ubu/wkspace/guitest/build/CMakeFiles/CMakeTmp

Run Build Command:/usr/bin/make "cmTryCompileExec744923375/fast"
/usr/bin/make -f CMakeFiles/cmTryCompileExec744923375.dir/build.make CMakeFiles/cmTryCompileExec744923375.dir/build
make[1]: Entering directory `/home/ubu/wkspace/guitest/build/CMakeFiles/CMakeTmp'
/usr/bin/cmake -E cmake_progress_report /home/ubu/wkspace/guitest/build/CMakeFiles/CMakeTmp/CMakeFiles 1
Building C object CMakeFiles/cmTryCompileExec744923375.dir/CheckFunctionExists.c.o
/usr/bin/cc   -DCHECK_FUNCTION_EXISTS=pthread_create   -o CMakeFiles/cmTryCompileExec744923375.dir/CheckFunctionExists.c.o   -c /usr/share/cmake-2.8/Modules/CheckFunctionExists.c
Linking C executable cmTryCompileExec744923375
/usr/bin/cmake -E cmake_link_script CMakeFiles/cmTryCompileExec744923375.dir/link.txt --verbose=1
/usr/bin/cc   -DCHECK_FUNCTION_EXISTS=pthread_create    CMakeFiles/cmTryCompileExec744923375.dir/CheckFunctionExists.c.o  -o cmTryCompileExec744923375 -rdynamic -lpthreads 
/usr/bin/ld: cannot find -lpthreads
collect2: error: ld returned 1 exit status
make[1]: Leaving directory `/home/ubu/wkspace/guitest/build/CMakeFiles/CMakeTmp'
make[1]: *** [cmTryCompileExec744923375] Error 1
make: *** [cmTryCompileExec744923375/fast] Error 2


